This is pdfTeX, Version 3.14159265-2.6-1.40.18 (TeX Live 2017) (preloaded format=pdflatex 2017.5.23)  29 MAY 2018 13:59
entering extended mode
 restricted \write18 enabled.
 %&-line parsing enabled.
**sprawozdanie.tex
(./sprawozdanie.tex
LaTeX2e <2017-04-15>
Babel <3.10> and hyphenation patterns for 84 language(s) loaded.
(/usr/local/texlive/2017/texmf-dist/tex/latex/base/article.cls
Document Class: article 2014/09/29 v1.4h Standard LaTeX document class
(/usr/local/texlive/2017/texmf-dist/tex/latex/base/size10.clo
File: size10.clo 2014/09/29 v1.4h Standard LaTeX file (size option)
)
\c@part=\count79
\c@section=\count80
\c@subsection=\count81
\c@subsubsection=\count82
\c@paragraph=\count83
\c@subparagraph=\count84
\c@figure=\count85
\c@table=\count86
\abovecaptionskip=\skip41
\belowcaptionskip=\skip42
\bibindent=\dimen102
)
(/usr/local/texlive/2017/texmf-dist/tex/latex/polski/polski.sty
Package: polski 2017/05/04 v1.3.4 Polish language package

   Switching to Polish text encoding and Polish maths fonts.
(/usr/local/texlive/2017/texmf-dist/tex/latex/base/ot4enc.def
File: ot4enc.def 2017/04/05 v2.0i Standard LaTeX file
)
LaTeX Font Info:    Try loading font information for OT4+cmr on input line 360.


(/usr/local/texlive/2017/texmf-dist/tex/latex/polski/ot4cmr.fd
File: ot4cmr.fd 2008/02/24 v1.2.1 Font defs for fonts PL (MW)
)
LaTeX Font Info:    Overwriting math alphabet `\mathbf' in version `normal'
(Font)                  OT1/cmr/bx/n --> OT4/cmr/bx/n on input line 360.
LaTeX Font Info:    Overwriting math alphabet `\mathsf' in version `normal'
(Font)                  OT1/cmss/m/n --> OT4/cmss/m/n on input line 360.
LaTeX Font Info:    Overwriting math alphabet `\mathit' in version `normal'
(Font)                  OT1/cmr/m/it --> OT4/cmr/m/it on input line 360.
LaTeX Font Info:    Overwriting math alphabet `\mathtt' in version `normal'
(Font)                  OT1/cmtt/m/n --> OT4/cmtt/m/n on input line 360.
LaTeX Font Info:    Overwriting math alphabet `\mathsf' in version `bold'
(Font)                  OT1/cmss/bx/n --> OT4/cmss/bx/n on input line 360.
LaTeX Font Info:    Overwriting math alphabet `\mathit' in version `bold'
(Font)                  OT1/cmr/bx/it --> OT4/cmr/bx/it on input line 360.
LaTeX Font Info:    Encoding `OT1' has changed to `OT4' for symbol font
(Font)              `operators' in the math version `normal' on input line 360.

LaTeX Font Info:    Overwriting symbol font `operators' in version `normal'
(Font)                  OT1/cmr/m/n --> OT4/cmr/m/n on input line 360.
LaTeX Font Info:    Overwriting symbol font `letters' in version `normal'
(Font)                  OML/cmm/m/it --> OML/plm/m/it on input line 360.
LaTeX Font Info:    Overwriting symbol font `symbols' in version `normal'
(Font)                  OMS/cmsy/m/n --> OMS/plsy/m/n on input line 360.
LaTeX Font Info:    Overwriting symbol font `largesymbols' in version `normal'
(Font)                  OMX/cmex/m/n --> OMX/plex/m/n on input line 360.
LaTeX Font Info:    Encoding `OT1' has changed to `OT4' for symbol font
(Font)              `operators' in the math version `bold' on input line 360.
LaTeX Font Info:    Overwriting symbol font `operators' in version `bold'
(Font)                  OT1/cmr/bx/n --> OT4/cmr/bx/n on input line 360.
LaTeX Font Info:    Overwriting symbol font `letters' in version `bold'
(Font)                  OML/cmm/b/it --> OML/plm/b/it on input line 360.
LaTeX Font Info:    Overwriting symbol font `symbols' in version `bold'
(Font)                  OMS/cmsy/b/n --> OMS/plsy/b/n on input line 360.
)
(/usr/local/texlive/2017/texmf-dist/tex/latex/base/inputenc.sty
Package: inputenc 2015/03/17 v1.2c Input encoding file
\inpenc@prehook=\toks14
\inpenc@posthook=\toks15

(/usr/local/texlive/2017/texmf-dist/tex/latex/base/utf8.def
File: utf8.def 2017/01/28 v1.1t UTF-8 support for inputenc
Now handling font encoding OML ...
... no UTF-8 mapping file for font encoding OML
Now handling font encoding T1 ...
... processing UTF-8 mapping file for font encoding T1

(/usr/local/texlive/2017/texmf-dist/tex/latex/base/t1enc.dfu
File: t1enc.dfu 2017/01/28 v1.1t UTF-8 support for inputenc
   defining Unicode char U+00A0 (decimal 160)
   defining Unicode char U+00A1 (decimal 161)
   defining Unicode char U+00A3 (decimal 163)
   defining Unicode char U+00AB (decimal 171)
   defining Unicode char U+00AD (decimal 173)
   defining Unicode char U+00BB (decimal 187)
   defining Unicode char U+00BF (decimal 191)
   defining Unicode char U+00C0 (decimal 192)
   defining Unicode char U+00C1 (decimal 193)
   defining Unicode char U+00C2 (decimal 194)
   defining Unicode char U+00C3 (decimal 195)
   defining Unicode char U+00C4 (decimal 196)
   defining Unicode char U+00C5 (decimal 197)
   defining Unicode char U+00C6 (decimal 198)
   defining Unicode char U+00C7 (decimal 199)
   defining Unicode char U+00C8 (decimal 200)
   defining Unicode char U+00C9 (decimal 201)
   defining Unicode char U+00CA (decimal 202)
   defining Unicode char U+00CB (decimal 203)
   defining Unicode char U+00CC (decimal 204)
   defining Unicode char U+00CD (decimal 205)
   defining Unicode char U+00CE (decimal 206)
   defining Unicode char U+00CF (decimal 207)
   defining Unicode char U+00D0 (decimal 208)
   defining Unicode char U+00D1 (decimal 209)
   defining Unicode char U+00D2 (decimal 210)
   defining Unicode char U+00D3 (decimal 211)
   defining Unicode char U+00D4 (decimal 212)
   defining Unicode char U+00D5 (decimal 213)
   defining Unicode char U+00D6 (decimal 214)
   defining Unicode char U+00D8 (decimal 216)
   defining Unicode char U+00D9 (decimal 217)
   defining Unicode char U+00DA (decimal 218)
   defining Unicode char U+00DB (decimal 219)
   defining Unicode char U+00DC (decimal 220)
   defining Unicode char U+00DD (decimal 221)
   defining Unicode char U+00DE (decimal 222)
   defining Unicode char U+00DF (decimal 223)
   defining Unicode char U+00E0 (decimal 224)
   defining Unicode char U+00E1 (decimal 225)
   defining Unicode char U+00E2 (decimal 226)
   defining Unicode char U+00E3 (decimal 227)
   defining Unicode char U+00E4 (decimal 228)
   defining Unicode char U+00E5 (decimal 229)
   defining Unicode char U+00E6 (decimal 230)
   defining Unicode char U+00E7 (decimal 231)
   defining Unicode char U+00E8 (decimal 232)
   defining Unicode char U+00E9 (decimal 233)
   defining Unicode char U+00EA (decimal 234)
   defining Unicode char U+00EB (decimal 235)
   defining Unicode char U+00EC (decimal 236)
   defining Unicode char U+00ED (decimal 237)
   defining Unicode char U+00EE (decimal 238)
   defining Unicode char U+00EF (decimal 239)
   defining Unicode char U+00F0 (decimal 240)
   defining Unicode char U+00F1 (decimal 241)
   defining Unicode char U+00F2 (decimal 242)
   defining Unicode char U+00F3 (decimal 243)
   defining Unicode char U+00F4 (decimal 244)
   defining Unicode char U+00F5 (decimal 245)
   defining Unicode char U+00F6 (decimal 246)
   defining Unicode char U+00F8 (decimal 248)
   defining Unicode char U+00F9 (decimal 249)
   defining Unicode char U+00FA (decimal 250)
   defining Unicode char U+00FB (decimal 251)
   defining Unicode char U+00FC (decimal 252)
   defining Unicode char U+00FD (decimal 253)
   defining Unicode char U+00FE (decimal 254)
   defining Unicode char U+00FF (decimal 255)
   defining Unicode char U+0100 (decimal 256)
   defining Unicode char U+0101 (decimal 257)
   defining Unicode char U+0102 (decimal 258)
   defining Unicode char U+0103 (decimal 259)
   defining Unicode char U+0104 (decimal 260)
   defining Unicode char U+0105 (decimal 261)
   defining Unicode char U+0106 (decimal 262)
   defining Unicode char U+0107 (decimal 263)
   defining Unicode char U+0108 (decimal 264)
   defining Unicode char U+0109 (decimal 265)
   defining Unicode char U+010A (decimal 266)
   defining Unicode char U+010B (decimal 267)
   defining Unicode char U+010C (decimal 268)
   defining Unicode char U+010D (decimal 269)
   defining Unicode char U+010E (decimal 270)
   defining Unicode char U+010F (decimal 271)
   defining Unicode char U+0110 (decimal 272)
   defining Unicode char U+0111 (decimal 273)
   defining Unicode char U+0112 (decimal 274)
   defining Unicode char U+0113 (decimal 275)
   defining Unicode char U+0114 (decimal 276)
   defining Unicode char U+0115 (decimal 277)
   defining Unicode char U+0116 (decimal 278)
   defining Unicode char U+0117 (decimal 279)
   defining Unicode char U+0118 (decimal 280)
   defining Unicode char U+0119 (decimal 281)
   defining Unicode char U+011A (decimal 282)
   defining Unicode char U+011B (decimal 283)
   defining Unicode char U+011C (decimal 284)
   defining Unicode char U+011D (decimal 285)
   defining Unicode char U+011E (decimal 286)
   defining Unicode char U+011F (decimal 287)
   defining Unicode char U+0120 (decimal 288)
   defining Unicode char U+0121 (decimal 289)
   defining Unicode char U+0122 (decimal 290)
   defining Unicode char U+0123 (decimal 291)
   defining Unicode char U+0124 (decimal 292)
   defining Unicode char U+0125 (decimal 293)
   defining Unicode char U+0128 (decimal 296)
   defining Unicode char U+0129 (decimal 297)
   defining Unicode char U+012A (decimal 298)
   defining Unicode char U+012B (decimal 299)
   defining Unicode char U+012C (decimal 300)
   defining Unicode char U+012D (decimal 301)
   defining Unicode char U+012E (decimal 302)
   defining Unicode char U+012F (decimal 303)
   defining Unicode char U+0130 (decimal 304)
   defining Unicode char U+0131 (decimal 305)
   defining Unicode char U+0132 (decimal 306)
   defining Unicode char U+0133 (decimal 307)
   defining Unicode char U+0134 (decimal 308)
   defining Unicode char U+0135 (decimal 309)
   defining Unicode char U+0136 (decimal 310)
   defining Unicode char U+0137 (decimal 311)
   defining Unicode char U+0139 (decimal 313)
   defining Unicode char U+013A (decimal 314)
   defining Unicode char U+013B (decimal 315)
   defining Unicode char U+013C (decimal 316)
   defining Unicode char U+013D (decimal 317)
   defining Unicode char U+013E (decimal 318)
   defining Unicode char U+0141 (decimal 321)
   defining Unicode char U+0142 (decimal 322)
   defining Unicode char U+0143 (decimal 323)
   defining Unicode char U+0144 (decimal 324)
   defining Unicode char U+0145 (decimal 325)
   defining Unicode char U+0146 (decimal 326)
   defining Unicode char U+0147 (decimal 327)
   defining Unicode char U+0148 (decimal 328)
   defining Unicode char U+014A (decimal 330)
   defining Unicode char U+014B (decimal 331)
   defining Unicode char U+014C (decimal 332)
   defining Unicode char U+014D (decimal 333)
   defining Unicode char U+014E (decimal 334)
   defining Unicode char U+014F (decimal 335)
   defining Unicode char U+0150 (decimal 336)
   defining Unicode char U+0151 (decimal 337)
   defining Unicode char U+0152 (decimal 338)
   defining Unicode char U+0153 (decimal 339)
   defining Unicode char U+0154 (decimal 340)
   defining Unicode char U+0155 (decimal 341)
   defining Unicode char U+0156 (decimal 342)
   defining Unicode char U+0157 (decimal 343)
   defining Unicode char U+0158 (decimal 344)
   defining Unicode char U+0159 (decimal 345)
   defining Unicode char U+015A (decimal 346)
   defining Unicode char U+015B (decimal 347)
   defining Unicode char U+015C (decimal 348)
   defining Unicode char U+015D (decimal 349)
   defining Unicode char U+015E (decimal 350)
   defining Unicode char U+015F (decimal 351)
   defining Unicode char U+0160 (decimal 352)
   defining Unicode char U+0161 (decimal 353)
   defining Unicode char U+0162 (decimal 354)
   defining Unicode char U+0163 (decimal 355)
   defining Unicode char U+0164 (decimal 356)
   defining Unicode char U+0165 (decimal 357)
   defining Unicode char U+0168 (decimal 360)
   defining Unicode char U+0169 (decimal 361)
   defining Unicode char U+016A (decimal 362)
   defining Unicode char U+016B (decimal 363)
   defining Unicode char U+016C (decimal 364)
   defining Unicode char U+016D (decimal 365)
   defining Unicode char U+016E (decimal 366)
   defining Unicode char U+016F (decimal 367)
   defining Unicode char U+0170 (decimal 368)
   defining Unicode char U+0171 (decimal 369)
   defining Unicode char U+0172 (decimal 370)
   defining Unicode char U+0173 (decimal 371)
   defining Unicode char U+0174 (decimal 372)
   defining Unicode char U+0175 (decimal 373)
   defining Unicode char U+0176 (decimal 374)
   defining Unicode char U+0177 (decimal 375)
   defining Unicode char U+0178 (decimal 376)
   defining Unicode char U+0179 (decimal 377)
   defining Unicode char U+017A (decimal 378)
   defining Unicode char U+017B (decimal 379)
   defining Unicode char U+017C (decimal 380)
   defining Unicode char U+017D (decimal 381)
   defining Unicode char U+017E (decimal 382)
   defining Unicode char U+01CD (decimal 461)
   defining Unicode char U+01CE (decimal 462)
   defining Unicode char U+01CF (decimal 463)
   defining Unicode char U+01D0 (decimal 464)
   defining Unicode char U+01D1 (decimal 465)
   defining Unicode char U+01D2 (decimal 466)
   defining Unicode char U+01D3 (decimal 467)
   defining Unicode char U+01D4 (decimal 468)
   defining Unicode char U+01E2 (decimal 482)
   defining Unicode char U+01E3 (decimal 483)
   defining Unicode char U+01E6 (decimal 486)
   defining Unicode char U+01E7 (decimal 487)
   defining Unicode char U+01E8 (decimal 488)
   defining Unicode char U+01E9 (decimal 489)
   defining Unicode char U+01EA (decimal 490)
   defining Unicode char U+01EB (decimal 491)
   defining Unicode char U+01F0 (decimal 496)
   defining Unicode char U+01F4 (decimal 500)
   defining Unicode char U+01F5 (decimal 501)
   defining Unicode char U+0218 (decimal 536)
   defining Unicode char U+0219 (decimal 537)
   defining Unicode char U+021A (decimal 538)
   defining Unicode char U+021B (decimal 539)
   defining Unicode char U+0232 (decimal 562)
   defining Unicode char U+0233 (decimal 563)
   defining Unicode char U+1E02 (decimal 7682)
   defining Unicode char U+1E03 (decimal 7683)
   defining Unicode char U+200C (decimal 8204)
   defining Unicode char U+2010 (decimal 8208)
   defining Unicode char U+2011 (decimal 8209)
   defining Unicode char U+2012 (decimal 8210)
   defining Unicode char U+2013 (decimal 8211)
   defining Unicode char U+2014 (decimal 8212)
   defining Unicode char U+2015 (decimal 8213)
   defining Unicode char U+2018 (decimal 8216)
   defining Unicode char U+2019 (decimal 8217)
   defining Unicode char U+201A (decimal 8218)
   defining Unicode char U+201C (decimal 8220)
   defining Unicode char U+201D (decimal 8221)
   defining Unicode char U+201E (decimal 8222)
   defining Unicode char U+2030 (decimal 8240)
   defining Unicode char U+2031 (decimal 8241)
   defining Unicode char U+2039 (decimal 8249)
   defining Unicode char U+203A (decimal 8250)
   defining Unicode char U+2423 (decimal 9251)
   defining Unicode char U+1E20 (decimal 7712)
   defining Unicode char U+1E21 (decimal 7713)
)
Now handling font encoding OT1 ...
... processing UTF-8 mapping file for font encoding OT1

(/usr/local/texlive/2017/texmf-dist/tex/latex/base/ot1enc.dfu
File: ot1enc.dfu 2017/01/28 v1.1t UTF-8 support for inputenc
   defining Unicode char U+00A0 (decimal 160)
   defining Unicode char U+00A1 (decimal 161)
   defining Unicode char U+00A3 (decimal 163)
   defining Unicode char U+00AD (decimal 173)
   defining Unicode char U+00B8 (decimal 184)
   defining Unicode char U+00BF (decimal 191)
   defining Unicode char U+00C5 (decimal 197)
   defining Unicode char U+00C6 (decimal 198)
   defining Unicode char U+00D8 (decimal 216)
   defining Unicode char U+00DF (decimal 223)
   defining Unicode char U+00E6 (decimal 230)
   defining Unicode char U+00EC (decimal 236)
   defining Unicode char U+00ED (decimal 237)
   defining Unicode char U+00EE (decimal 238)
   defining Unicode char U+00EF (decimal 239)
   defining Unicode char U+00F8 (decimal 248)
   defining Unicode char U+0131 (decimal 305)
   defining Unicode char U+0141 (decimal 321)
   defining Unicode char U+0142 (decimal 322)
   defining Unicode char U+0152 (decimal 338)
   defining Unicode char U+0153 (decimal 339)
   defining Unicode char U+0174 (decimal 372)
   defining Unicode char U+0175 (decimal 373)
   defining Unicode char U+0176 (decimal 374)
   defining Unicode char U+0177 (decimal 375)
   defining Unicode char U+0218 (decimal 536)
   defining Unicode char U+0219 (decimal 537)
   defining Unicode char U+021A (decimal 538)
   defining Unicode char U+021B (decimal 539)
   defining Unicode char U+2013 (decimal 8211)
   defining Unicode char U+2014 (decimal 8212)
   defining Unicode char U+2018 (decimal 8216)
   defining Unicode char U+2019 (decimal 8217)
   defining Unicode char U+201C (decimal 8220)
   defining Unicode char U+201D (decimal 8221)
)
Now handling font encoding OMS ...
... processing UTF-8 mapping file for font encoding OMS

(/usr/local/texlive/2017/texmf-dist/tex/latex/base/omsenc.dfu
File: omsenc.dfu 2017/01/28 v1.1t UTF-8 support for inputenc
   defining Unicode char U+00A7 (decimal 167)
   defining Unicode char U+00B6 (decimal 182)
   defining Unicode char U+00B7 (decimal 183)
   defining Unicode char U+2020 (decimal 8224)
   defining Unicode char U+2021 (decimal 8225)
   defining Unicode char U+2022 (decimal 8226)
)
Now handling font encoding OMX ...
... no UTF-8 mapping file for font encoding OMX
Now handling font encoding U ...
... no UTF-8 mapping file for font encoding U
Now handling font encoding OT4 ...
... no UTF-8 mapping file for font encoding OT4
   defining Unicode char U+00A9 (decimal 169)
   defining Unicode char U+00AA (decimal 170)
   defining Unicode char U+00AE (decimal 174)
   defining Unicode char U+00BA (decimal 186)
   defining Unicode char U+02C6 (decimal 710)
   defining Unicode char U+02DC (decimal 732)
   defining Unicode char U+200C (decimal 8204)
   defining Unicode char U+2026 (decimal 8230)
   defining Unicode char U+2122 (decimal 8482)
   defining Unicode char U+2423 (decimal 9251)
))
(/usr/local/texlive/2017/texmf-dist/tex/latex/booktabs/booktabs.sty
Package: booktabs 2016/04/27 v1.618033 publication quality tables
\heavyrulewidth=\dimen103
\lightrulewidth=\dimen104
\cmidrulewidth=\dimen105
\belowrulesep=\dimen106
\belowbottomsep=\dimen107
\aboverulesep=\dimen108
\abovetopsep=\dimen109
\cmidrulesep=\dimen110
\cmidrulekern=\dimen111
\defaultaddspace=\dimen112
\@cmidla=\count87
\@cmidlb=\count88
\@aboverulesep=\dimen113
\@belowrulesep=\dimen114
\@thisruleclass=\count89
\@lastruleclass=\count90
\@thisrulewidth=\dimen115
)
(/usr/local/texlive/2017/texmf-dist/tex/latex/biblatex/biblatex.sty
Package: biblatex 2016/12/05 v3.7 programmable bibliographies (PK/JW/AB)

(/usr/local/texlive/2017/texmf-dist/tex/generic/oberdiek/pdftexcmds.sty
Package: pdftexcmds 2017/03/19 v0.25 Utility functions of pdfTeX for LuaTeX (HO
)

(/usr/local/texlive/2017/texmf-dist/tex/generic/oberdiek/infwarerr.sty
Package: infwarerr 2016/05/16 v1.4 Providing info/warning/error messages (HO)
)
(/usr/local/texlive/2017/texmf-dist/tex/generic/oberdiek/ifluatex.sty
Package: ifluatex 2016/05/16 v1.4 Provides the ifluatex switch (HO)
Package ifluatex Info: LuaTeX not detected.
)
(/usr/local/texlive/2017/texmf-dist/tex/generic/oberdiek/ltxcmds.sty
Package: ltxcmds 2016/05/16 v1.23 LaTeX kernel commands for general use (HO)
)
(/usr/local/texlive/2017/texmf-dist/tex/generic/oberdiek/ifpdf.sty
Package: ifpdf 2017/03/15 v3.2 Provides the ifpdf switch
)
Package pdftexcmds Info: LuaTeX not detected.
Package pdftexcmds Info: \pdf@primitive is available.
Package pdftexcmds Info: \pdf@ifprimitive is available.
Package pdftexcmds Info: \pdfdraftmode found.
)
(/usr/local/texlive/2017/texmf-dist/tex/latex/etoolbox/etoolbox.sty
Package: etoolbox 2017/01/02 v2.4 e-TeX tools for LaTeX (JAW)
\etb@tempcnta=\count91
)
(/usr/local/texlive/2017/texmf-dist/tex/latex/graphics/keyval.sty
Package: keyval 2014/10/28 v1.15 key=value parser (DPC)
\KV@toks@=\toks16
)
(/usr/local/texlive/2017/texmf-dist/tex/latex/oberdiek/kvoptions.sty
Package: kvoptions 2016/05/16 v3.12 Key value format for package options (HO)

(/usr/local/texlive/2017/texmf-dist/tex/generic/oberdiek/kvsetkeys.sty
Package: kvsetkeys 2016/05/16 v1.17 Key value parser (HO)

(/usr/local/texlive/2017/texmf-dist/tex/generic/oberdiek/etexcmds.sty
Package: etexcmds 2016/05/16 v1.6 Avoid name clashes with e-TeX commands (HO)
Package etexcmds Info: Could not find \expanded.
(etexcmds)             That can mean that you are not using pdfTeX 1.50 or
(etexcmds)             that some package has redefined \expanded.
(etexcmds)             In the latter case, load this package earlier.
)))
(/usr/local/texlive/2017/texmf-dist/tex/latex/logreq/logreq.sty
Package: logreq 2010/08/04 v1.0 xml request logger
\lrq@indent=\count92

(/usr/local/texlive/2017/texmf-dist/tex/latex/logreq/logreq.def
File: logreq.def 2010/08/04 v1.0 logreq spec v1.0
))
(/usr/local/texlive/2017/texmf-dist/tex/latex/base/ifthen.sty
Package: ifthen 2014/09/29 v1.1c Standard LaTeX ifthen package (DPC)
)
(/usr/local/texlive/2017/texmf-dist/tex/latex/url/url.sty
\Urlmuskip=\muskip10
Package: url 2013/09/16  ver 3.4  Verb mode for urls, etc.
)
(/usr/local/texlive/2017/texmf-dist/tex/generic/xstring/xstring.sty
(/usr/local/texlive/2017/texmf-dist/tex/generic/xstring/xstring.tex
\@xs@message=\write3
\integerpart=\count93
\decimalpart=\count94
)
Package: xstring 2013/10/13  v1.7c  String manipulations (C Tellechea)
)
\c@tabx@nest=\count95
\c@listtotal=\count96
\c@listcount=\count97
\c@liststart=\count98
\c@liststop=\count99
\c@citecount=\count100
\c@citetotal=\count101
\c@multicitecount=\count102
\c@multicitetotal=\count103
\c@instcount=\count104
\c@maxnames=\count105
\c@minnames=\count106
\c@maxitems=\count107
\c@minitems=\count108
\c@citecounter=\count109
\c@savedcitecounter=\count110
\c@uniquelist=\count111
\c@uniquename=\count112
\c@refsection=\count113
\c@refsegment=\count114
\c@maxextratitle=\count115
\c@maxextratitleyear=\count116
\c@maxextrayear=\count117
\c@maxextraalpha=\count118
\c@abbrvpenalty=\count119
\c@highnamepenalty=\count120
\c@lownamepenalty=\count121
\c@maxparens=\count122
\c@parenlevel=\count123
\blx@tempcnta=\count124
\blx@tempcntb=\count125
\blx@tempcntc=\count126
\blx@maxsection=\count127
\blx@maxsegment@0=\count128
\blx@notetype=\count129
\blx@parenlevel@text=\count130
\blx@parenlevel@foot=\count131
\blx@sectionciteorder@0=\count132
\labelnumberwidth=\skip43
\labelalphawidth=\skip44
\biblabelsep=\skip45
\bibitemsep=\skip46
\bibnamesep=\skip47
\bibinitsep=\skip48
\bibparsep=\skip49
\bibhang=\skip50
\blx@bcfin=\read1
\blx@bcfout=\write4
\c@mincomprange=\count133
\c@maxcomprange=\count134
\c@mincompwidth=\count135
Package biblatex Info: Trying to load biblatex default data model...
Package biblatex Info: ... file 'blx-dm.def' found.

(/usr/local/texlive/2017/texmf-dist/tex/latex/biblatex/blx-dm.def)
Package biblatex Info: Trying to load biblatex custom data model...
Package biblatex Info: ... file 'biblatex-dm.cfg' not found.
\c@afterword=\count136
\c@savedafterword=\count137
\c@annotator=\count138
\c@savedannotator=\count139
\c@author=\count140
\c@savedauthor=\count141
\c@bookauthor=\count142
\c@savedbookauthor=\count143
\c@commentator=\count144
\c@savedcommentator=\count145
\c@editor=\count146
\c@savededitor=\count147
\c@editora=\count148
\c@savededitora=\count149
\c@editorb=\count150
\c@savededitorb=\count151
\c@editorc=\count152
\c@savededitorc=\count153
\c@foreword=\count154
\c@savedforeword=\count155
\c@holder=\count156
\c@savedholder=\count157
\c@introduction=\count158
\c@savedintroduction=\count159
\c@namea=\count160
\c@savednamea=\count161
\c@nameb=\count162
\c@savednameb=\count163
\c@namec=\count164
\c@savednamec=\count165
\c@translator=\count166
\c@savedtranslator=\count167
\c@shortauthor=\count168
\c@savedshortauthor=\count169
\c@shorteditor=\count170
\c@savedshorteditor=\count171
\c@labelname=\count172
\c@savedlabelname=\count173
\c@institution=\count174
\c@savedinstitution=\count175
\c@lista=\count176
\c@savedlista=\count177
\c@listb=\count178
\c@savedlistb=\count179
\c@listc=\count180
\c@savedlistc=\count181
\c@listd=\count182
\c@savedlistd=\count183
\c@liste=\count184
\c@savedliste=\count185
\c@listf=\count186
\c@savedlistf=\count187
\c@location=\count188
\c@savedlocation=\count189
\c@organization=\count190
\c@savedorganization=\count191
\c@origlocation=\count192
\c@savedoriglocation=\count193
\c@origpublisher=\count194
\c@savedorigpublisher=\count195
\c@publisher=\count196
\c@savedpublisher=\count197
\c@language=\count198
\c@savedlanguage=\count199
\c@pageref=\count266
\c@savedpageref=\count267
\shorthandwidth=\skip51
\shortjournalwidth=\skip52
\shortserieswidth=\skip53
\shorttitlewidth=\skip54
\shortauthorwidth=\skip55
\shorteditorwidth=\skip56
Package biblatex Info: Trying to load compatibility code...
Package biblatex Info: ... file 'blx-compat.def' found.

(/usr/local/texlive/2017/texmf-dist/tex/latex/biblatex/blx-compat.def
File: blx-compat.def 2016/12/05 v3.7 biblatex compatibility (PK/JW/AB)
)
Package biblatex Info: Trying to load generic definitions...
Package biblatex Info: ... file 'biblatex.def' found.

(/usr/local/texlive/2017/texmf-dist/tex/latex/biblatex/biblatex.def
File: biblatex.def 2016/12/05 v3.7 biblatex compatibility (PK/JW/AB)
\c@textcitecount=\count268
\c@textcitetotal=\count269
\c@textcitemaxnames=\count270
\c@biburlnumpenalty=\count271
\c@biburlucpenalty=\count272
\c@biburllcpenalty=\count273
\c@smartand=\count274
)
Package biblatex Info: Trying to load bibliography style 'numeric'...
Package biblatex Info: ... file 'numeric.bbx' found.

(/usr/local/texlive/2017/texmf-dist/tex/latex/biblatex/bbx/numeric.bbx
File: numeric.bbx 2016/12/05 v3.7 biblatex bibliography style (PK/JW/AB)
Package biblatex Info: Trying to load bibliography style 'standard'...
Package biblatex Info: ... file 'standard.bbx' found.

(/usr/local/texlive/2017/texmf-dist/tex/latex/biblatex/bbx/standard.bbx
File: standard.bbx 2016/12/05 v3.7 biblatex bibliography style (PK/JW/AB)
\c@bbx:relatedcount=\count275
\c@bbx:relatedtotal=\count276
))
Package biblatex Info: Trying to load citation style 'numeric'...
Package biblatex Info: ... file 'numeric.cbx' found.

(/usr/local/texlive/2017/texmf-dist/tex/latex/biblatex/cbx/numeric.cbx
File: numeric.cbx 2016/12/05 v3.7 biblatex citation style (PK/JW/AB)
Package biblatex Info: Redefining '\cite'.
Package biblatex Info: Redefining '\parencite'.
Package biblatex Info: Redefining '\footcite'.
Package biblatex Info: Redefining '\footcitetext'.
Package biblatex Info: Redefining '\smartcite'.
Package biblatex Info: Redefining '\supercite'.
Package biblatex Info: Redefining '\textcite'.
Package biblatex Info: Redefining '\textcites'.
Package biblatex Info: Redefining '\cites'.
Package biblatex Info: Redefining '\parencites'.
Package biblatex Info: Redefining '\smartcites'.
)
Package biblatex Info: Trying to load configuration file...
Package biblatex Info: ... file 'biblatex.cfg' found.

(/usr/local/texlive/2017/texmf-dist/tex/latex/biblatex/biblatex.cfg
File: biblatex.cfg 
))
(/usr/local/texlive/2017/texmf-dist/tex/latex/subfigure/subfigure.sty
Package: subfigure 2002/03/15 v2.1.5 subfigure package
\subfigtopskip=\skip57
\subfigcapskip=\skip58
\subfigcaptopadj=\dimen116
\subfigbottomskip=\skip59
\subfigcapmargin=\dimen117
\subfiglabelskip=\skip60
\c@subfigure=\count277
\c@lofdepth=\count278
\c@subtable=\count279
\c@lotdepth=\count280

****************************************
* Local config file subfigure.cfg used *
****************************************
(/usr/local/texlive/2017/texmf-dist/tex/latex/subfigure/subfigure.cfg)
\subfig@top=\skip61
\subfig@bottom=\skip62
)
(/usr/local/texlive/2017/texmf-dist/tex/latex/graphics/graphicx.sty
Package: graphicx 2014/10/28 v1.0g Enhanced LaTeX Graphics (DPC,SPQR)

(/usr/local/texlive/2017/texmf-dist/tex/latex/graphics/graphics.sty
Package: graphics 2017/04/14 v1.1b Standard LaTeX Graphics (DPC,SPQR)

(/usr/local/texlive/2017/texmf-dist/tex/latex/graphics/trig.sty
Package: trig 2016/01/03 v1.10 sin cos tan (DPC)
)
(/usr/local/texlive/2017/texmf-dist/tex/latex/graphics-cfg/graphics.cfg
File: graphics.cfg 2016/06/04 v1.11 sample graphics configuration
)
Package graphics Info: Driver file: pdftex.def on input line 99.

(/usr/local/texlive/2017/texmf-dist/tex/latex/graphics-def/pdftex.def
File: pdftex.def 2017/01/12 v0.06k Graphics/color for pdfTeX
\Gread@gobject=\count281
))
\Gin@req@height=\dimen118
\Gin@req@width=\dimen119
)
(/usr/local/texlive/2017/texmf-dist/tex/latex/float/float.sty
Package: float 2001/11/08 v1.3d Float enhancements (AL)
\c@float@type=\count282
\float@exts=\toks17
\float@box=\box26
\@float@everytoks=\toks18
\@floatcapt=\box27
)
(/usr/local/texlive/2017/texmf-dist/tex/latex/geometry/geometry.sty
Package: geometry 2010/09/12 v5.6 Page Geometry

(/usr/local/texlive/2017/texmf-dist/tex/generic/oberdiek/ifvtex.sty
Package: ifvtex 2016/05/16 v1.6 Detect VTeX and its facilities (HO)
Package ifvtex Info: VTeX not detected.
)
(/usr/local/texlive/2017/texmf-dist/tex/generic/ifxetex/ifxetex.sty
Package: ifxetex 2010/09/12 v0.6 Provides ifxetex conditional
)
\Gm@cnth=\count283
\Gm@cntv=\count284
\c@Gm@tempcnt=\count285
\Gm@bindingoffset=\dimen120
\Gm@wd@mp=\dimen121
\Gm@odd@mp=\dimen122
\Gm@even@mp=\dimen123
\Gm@layoutwidth=\dimen124
\Gm@layoutheight=\dimen125
\Gm@layouthoffset=\dimen126
\Gm@layoutvoffset=\dimen127
\Gm@dimlist=\toks19
)
(/usr/local/texlive/2017/texmf-dist/tex/latex/listings/listings.sty
\lst@mode=\count286
\lst@gtempboxa=\box28
\lst@token=\toks20
\lst@length=\count287
\lst@currlwidth=\dimen128
\lst@column=\count288
\lst@pos=\count289
\lst@lostspace=\dimen129
\lst@width=\dimen130
\lst@newlines=\count290
\lst@lineno=\count291
\lst@maxwidth=\dimen131

(/usr/local/texlive/2017/texmf-dist/tex/latex/listings/lstmisc.sty
File: lstmisc.sty 2015/06/04 1.6 (Carsten Heinz)
\c@lstnumber=\count292
\lst@skipnumbers=\count293
\lst@framebox=\box29
)
(/usr/local/texlive/2017/texmf-dist/tex/latex/listings/listings.cfg
File: listings.cfg 2015/06/04 1.6 listings configuration
))
Package: listings 2015/06/04 1.6 (Carsten Heinz)

(/usr/local/texlive/2017/texmf-dist/tex/latex/xcolor/xcolor.sty
Package: xcolor 2016/05/11 v2.12 LaTeX color extensions (UK)

(/usr/local/texlive/2017/texmf-dist/tex/latex/graphics-cfg/color.cfg
File: color.cfg 2016/01/02 v1.6 sample color configuration
)
Package xcolor Info: Driver file: pdftex.def on input line 225.

(/usr/local/texlive/2017/texmf-dist/tex/latex/colortbl/colortbl.sty
Package: colortbl 2012/02/13 v1.0a Color table columns (DPC)

(/usr/local/texlive/2017/texmf-dist/tex/latex/tools/array.sty
Package: array 2016/10/06 v2.4d Tabular extension package (FMi)
\col@sep=\dimen132
\extrarowheight=\dimen133
\NC@list=\toks21
\extratabsurround=\skip63
\backup@length=\skip64
)
\everycr=\toks22
\minrowclearance=\skip65
)
\rownum=\count294
Package xcolor Info: Model `cmy' substituted by `cmy0' on input line 1348.
Package xcolor Info: Model `hsb' substituted by `rgb' on input line 1352.
Package xcolor Info: Model `RGB' extended on input line 1364.
Package xcolor Info: Model `HTML' substituted by `rgb' on input line 1366.
Package xcolor Info: Model `Hsb' substituted by `hsb' on input line 1367.
Package xcolor Info: Model `tHsb' substituted by `hsb' on input line 1368.
Package xcolor Info: Model `HSB' substituted by `hsb' on input line 1369.
Package xcolor Info: Model `Gray' substituted by `gray' on input line 1370.
Package xcolor Info: Model `wave' substituted by `hsb' on input line 1371.
)

Package geometry Warning: Over-specification in `h'-direction.
    `width' (483.69684pt) is ignored.


Package geometry Warning: Over-specification in `v'-direction.
    `height' (731.23582pt) is ignored.

(/usr/local/texlive/2017/texmf-dist/tex/latex/tools/tabularx.sty
Package: tabularx 2016/02/03 v2.11 `tabularx' package (DPC)
\TX@col@width=\dimen134
\TX@old@table=\dimen135
\TX@old@col=\dimen136
\TX@target=\dimen137
\TX@delta=\dimen138
\TX@cols=\count295
\TX@ftn=\toks23
)
(/usr/local/texlive/2017/texmf-dist/tex/latex/listings/lstlang1.sty
File: lstlang1.sty 2015/06/04 1.6 listings language file
)
(/usr/local/texlive/2017/texmf-dist/tex/latex/listings/lstlang2.sty
File: lstlang2.sty 2015/06/04 1.6 listings language file
)
(/usr/local/texlive/2017/texmf-dist/tex/latex/listings/lstlang3.sty
File: lstlang3.sty 2015/06/04 1.6 listings language file
)
Package biblatex Info: Trying to load language 'english'...
Package biblatex Info: ... file 'english.lbx' found.

(/usr/local/texlive/2017/texmf-dist/tex/latex/biblatex/lbx/english.lbx
File: english.lbx 2016/12/05 v3.7 biblatex localization (PK/JW/AB)
)
\@quotelevel=\count296
\@quotereset=\count297

(./sprawozdanie.aux)
\openout1 = `sprawozdanie.aux'.

LaTeX Font Info:    Checking defaults for OML/cmm/m/it on input line 35.
LaTeX Font Info:    ... okay on input line 35.
LaTeX Font Info:    Checking defaults for T1/cmr/m/n on input line 35.
LaTeX Font Info:    ... okay on input line 35.
LaTeX Font Info:    Checking defaults for OT1/cmr/m/n on input line 35.
LaTeX Font Info:    ... okay on input line 35.
LaTeX Font Info:    Checking defaults for OMS/cmsy/m/n on input line 35.
LaTeX Font Info:    ... okay on input line 35.
LaTeX Font Info:    Checking defaults for OMX/cmex/m/n on input line 35.
LaTeX Font Info:    ... okay on input line 35.
LaTeX Font Info:    Checking defaults for U/cmr/m/n on input line 35.
LaTeX Font Info:    ... okay on input line 35.
LaTeX Font Info:    Checking defaults for OT4/cmr/m/n on input line 35.
LaTeX Font Info:    ... okay on input line 35.
Package biblatex Info: Input encoding 'utf8' detected.
Package biblatex Info: Automatic encoding selection.
(biblatex)             Assuming data encoding 'utf8'.
\openout4 = `sprawozdanie.bcf'.

Package biblatex Info: Trying to load bibliographic data...
Package biblatex Info: ... file 'sprawozdanie.bbl' not found.

No file sprawozdanie.bbl.
Package biblatex Info: Reference section=0 on input line 35.
Package biblatex Info: Reference segment=0 on input line 35.
(/usr/local/texlive/2017/texmf-dist/tex/context/base/mkii/supp-pdf.mkii
[Loading MPS to PDF converter (version 2006.09.02).]
\scratchcounter=\count298
\scratchdimen=\dimen139
\scratchbox=\box30
\nofMPsegments=\count299
\nofMParguments=\count300
\everyMPshowfont=\toks24
\MPscratchCnt=\count301
\MPscratchDim=\dimen140
\MPnumerator=\count302
\makeMPintoPDFobject=\count303
\everyMPtoPDFconversion=\toks25
) (/usr/local/texlive/2017/texmf-dist/tex/latex/oberdiek/epstopdf-base.sty
Package: epstopdf-base 2016/05/15 v2.6 Base part for package epstopdf

(/usr/local/texlive/2017/texmf-dist/tex/latex/oberdiek/grfext.sty
Package: grfext 2016/05/16 v1.2 Manage graphics extensions (HO)

(/usr/local/texlive/2017/texmf-dist/tex/generic/oberdiek/kvdefinekeys.sty
Package: kvdefinekeys 2016/05/16 v1.4 Define keys (HO)
))
Package epstopdf-base Info: Redefining graphics rule for `.eps' on input line 4
38.
Package grfext Info: Graphics extension search list:
(grfext)             [.png,.pdf,.jpg,.mps,.jpeg,.jbig2,.jb2,.PNG,.PDF,.JPG,.JPE
G,.JBIG2,.JB2,.eps]
(grfext)             \AppendGraphicsExtensions on input line 456.

(/usr/local/texlive/2017/texmf-dist/tex/latex/latexconfig/epstopdf-sys.cfg
File: epstopdf-sys.cfg 2010/07/13 v1.3 Configuration of (r)epstopdf for TeX Liv
e
))
*geometry* driver: auto-detecting
*geometry* detected driver: pdftex
*geometry* verbose mode - [ preamble ] result:
* driver: pdftex
* paper: a4paper
* layout: <same size as paper>
* layoutoffset:(h,v)=(0.0pt,0.0pt)
* modes: 
* h-part:(L,W,R)=(142.26378pt, 312.98032pt, 142.26378pt)
* v-part:(T,H,B)=(128.0374pt, 588.97205pt, 128.0374pt)
* \paperwidth=597.50787pt
* \paperheight=845.04684pt
* \textwidth=312.98032pt
* \textheight=588.97205pt
* \oddsidemargin=69.99379pt
* \evensidemargin=69.99379pt
* \topmargin=18.76741pt
* \headheight=12.0pt
* \headsep=25.0pt
* \topskip=10.0pt
* \footskip=30.0pt
* \marginparwidth=65.0pt
* \marginparsep=11.0pt
* \columnsep=10.0pt
* \skip\footins=9.0pt plus 4.0pt minus 2.0pt
* \hoffset=0.0pt
* \voffset=0.0pt
* \mag=1000
* \@twocolumnfalse
* \@twosidefalse
* \@mparswitchfalse
* \@reversemarginfalse
* (1in=72.27pt=25.4mm, 1cm=28.453pt)

\c@lstlisting=\count304
*geometry* verbose mode - [ newgeometry ] result:
* driver: pdftex
* paper: a4paper
* layout: <same size as paper>
* layoutoffset:(h,v)=(0.0pt,0.0pt)
* modes: 
* h-part:(L,W,R)=(85.35826pt, 426.79135pt, 85.35826pt)
* v-part:(T,H,B)=(113.81102pt, 617.4248pt, 113.81102pt)
* \paperwidth=597.50787pt
* \paperheight=845.04684pt
* \textwidth=426.79135pt
* \textheight=617.4248pt
* \oddsidemargin=13.08827pt
* \evensidemargin=13.08827pt
* \topmargin=4.54103pt
* \headheight=12.0pt
* \headsep=25.0pt
* \topskip=10.0pt
* \footskip=30.0pt
* \marginparwidth=65.0pt
* \marginparsep=11.0pt
* \columnsep=10.0pt
* \skip\footins=9.0pt plus 4.0pt minus 2.0pt
* \hoffset=0.0pt
* \voffset=0.0pt
* \mag=1000
* \@twocolumnfalse
* \@twosidefalse
* \@mparswitchfalse
* \@reversemarginfalse
* (1in=72.27pt=25.4mm, 1cm=28.453pt)

LaTeX Font Info:    Try loading font information for OML+plm on input line 56.
(/usr/local/texlive/2017/texmf-dist/tex/latex/polski/omlplm.fd
File: omlplm.fd 2008/02/24 v1.2.1 Font defs for fonts PL (MW)
)
LaTeX Font Info:    Try loading font information for OMS+plsy on input line 56.


(/usr/local/texlive/2017/texmf-dist/tex/latex/polski/omsplsy.fd
File: omsplsy.fd 2008/02/24 v1.2.1 Font defs for fonts PL (MW)
)
LaTeX Font Info:    Try loading font information for OMX+plex on input line 56.


(/usr/local/texlive/2017/texmf-dist/tex/latex/polski/omxplex.fd
File: omxplex.fd 2008/02/24 v1.2.1 Font defs for fonts PL (MW)
)
LaTeX Font Info:    External font `plex10' loaded for size
(Font)              <10> on input line 56.
LaTeX Font Info:    External font `plex10' loaded for size
(Font)              <7> on input line 56.
LaTeX Font Info:    External font `plex10' loaded for size
(Font)              <5> on input line 56.
 [1


{/usr/local/texlive/2017/texmf-var/fonts/map/pdftex/updmap/pdftex.map}] (./spra
wozdanie.toc)
\tf@toc=\write5
\openout5 = `sprawozdanie.toc'.

 [1] (./sprawozdanie.lof)
\tf@lof=\write6
\openout6 = `sprawozdanie.lof'.

 [2] [3]
<inc/wzory/schubert.png, id=22, 488.82625pt x 87.32625pt>
File: inc/wzory/schubert.png Graphic file (type png)

<use inc/wzory/schubert.png>
Package pdftex.def Info: inc/wzory/schubert.png used on input line 104.
(pdftex.def)             Requested size: 256.07741pt x 45.74702pt.

<inc/wykresyfunkcji/schubert.jpg, id=24, 481.8pt x 481.8pt>
File: inc/wykresyfunkcji/schubert.jpg Graphic file (type jpg)

<use inc/wykresyfunkcji/schubert.jpg>
Package pdftex.def Info: inc/wykresyfunkcji/schubert.jpg used on input line 114
.
(pdftex.def)             Requested size: 256.07741pt x 256.0806pt.

<inc/wzory/schubert-global-minimum.png, id=25, 163.61125pt x 37.13875pt>
File: inc/wzory/schubert-global-minimum.png Graphic file (type png)

<use inc/wzory/schubert-global-minimum.png>
Package pdftex.def Info: inc/wzory/schubert-global-minimum.png used on input li
ne 124.
(pdftex.def)             Requested size: 128.0387pt x 29.06387pt.

<inc/wykresyfunkcji/schubert-global-minimum.jpg, id=26, 481.8pt x 481.8pt>
File: inc/wykresyfunkcji/schubert-global-minimum.jpg Graphic file (type jpg)

<use inc/wykresyfunkcji/schubert-global-minimum.jpg>
Package pdftex.def Info: inc/wykresyfunkcji/schubert-global-minimum.jpg used on
 input line 130.
(pdftex.def)             Requested size: 298.75264pt x 298.75702pt.
 [4 <./inc/wzory/schubert.png> <./inc/wykresyfunkcji/schubert.jpg> <./inc/wzory
/schubert-global-minimum.png>] [5 <./inc/wykresyfunkcji/schubert-global-minimum
.jpg>]
(/usr/local/texlive/2017/texmf-dist/tex/latex/base/latin1.def
File: latin1.def 2015/03/17 v1.2c Input encoding file
)
LaTeX Font Info:    Try loading font information for OML+cmr on input line 141.


(/usr/local/texlive/2017/texmf-dist/tex/latex/base/omlcmr.fd
File: omlcmr.fd 2014/09/29 v2.5h Standard LaTeX font definitions
)
LaTeX Font Info:    Font shape `OML/cmr/bx/n' in size <9> not available
(Font)              Font shape `OML/cmm/b/it' tried instead on input line 141.
LaTeX Font Info:    External font `plex10' loaded for size
(Font)              <9> on input line 141.
LaTeX Font Info:    External font `plex10' loaded for size
(Font)              <6> on input line 141.
LaTeX Font Info:    Try loading font information for OMS+cmr on input line 142.


(/usr/local/texlive/2017/texmf-dist/tex/latex/base/omscmr.fd
File: omscmr.fd 2014/09/29 v2.5h Standard LaTeX font definitions
)
LaTeX Font Info:    Font shape `OMS/cmr/m/n' in size <9> not available
(Font)              Font shape `OMS/cmsy/m/n' tried instead on input line 142.
LaTeX Font Info:    Font shape `OMS/cmr/bx/n' in size <9> not available
(Font)              Font shape `OMS/cmsy/b/n' tried instead on input line 145.

<inc/results/default_ga.jpg, id=35, 481.8pt x 481.8pt>
File: inc/results/default_ga.jpg Graphic file (type jpg)

<use inc/results/default_ga.jpg>
Package pdftex.def Info: inc/results/default_ga.jpg used on input line 163.
(pdftex.def)             Requested size: 216.81pt x 216.80798pt.

<inc/results/custom-mutation.jpg, id=36, 481.8pt x 481.8pt>
File: inc/results/custom-mutation.jpg Graphic file (type jpg)

<use inc/results/custom-mutation.jpg>
Package pdftex.def Info: inc/results/custom-mutation.jpg used on input line 163
.
(pdftex.def)             Requested size: 216.81pt x 216.80798pt.

Overfull \hbox (43.49532pt too wide) in paragraph at lines 163--164
 [][] 
 []

<inc/results/default_ga_result.jpg, id=37, 481.8pt x 481.8pt>
File: inc/results/default_ga_result.jpg Graphic file (type jpg)

<use inc/results/default_ga_result.jpg>
Package pdftex.def Info: inc/results/default_ga_result.jpg used on input line 1
76.
(pdftex.def)             Requested size: 216.81pt x 216.80798pt.

<inc/results/custom-mutation-result.jpg, id=38, 481.8pt x 481.8pt>
File: inc/results/custom-mutation-result.jpg Graphic file (type jpg)

<use inc/results/custom-mutation-result.jpg>
Package pdftex.def Info: inc/results/custom-mutation-result.jpg used on input l
ine 176.
(pdftex.def)             Requested size: 216.81pt x 216.80798pt.

Overfull \hbox (43.49532pt too wide) in paragraph at lines 176--177
 [][] 
 []


LaTeX Warning: `!h' float specifier changed to `!ht'.

[6 <./inc/results/default_ga.jpg> <./inc/results/custom-mutation.jpg>]
(/usr/local/texlive/2017/texmf-dist/tex/latex/base/latin1.def
File: latin1.def 2015/03/17 v1.2c Input encoding file
)
LaTeX Font Info:    Font shape `OML/cmr/m/n' in size <9> not available
(Font)              Font shape `OML/cmm/m/it' tried instead on input line 202.
 [7 <./inc/results/default_ga_result.jpg> <./inc/results/custom-mutation-result
.jpg>]
File: inc/results/default_ga.jpg Graphic file (type jpg)

<use inc/results/default_ga.jpg>
Package pdftex.def Info: inc/results/default_ga.jpg used on input line 220.
(pdftex.def)             Requested size: 216.81pt x 216.80798pt.

<inc/results/custom-crossover.jpg, id=53, 481.8pt x 481.8pt>
File: inc/results/custom-crossover.jpg Graphic file (type jpg)

<use inc/results/custom-crossover.jpg>
Package pdftex.def Info: inc/results/custom-crossover.jpg used on input line 22
0.
(pdftex.def)             Requested size: 216.81pt x 216.80798pt.

Overfull \hbox (43.49532pt too wide) in paragraph at lines 220--221
 [][] 
 []

File: inc/results/default_ga_result.jpg Graphic file (type jpg)
<use inc/results/default_ga_result.jpg>
Package pdftex.def Info: inc/results/default_ga_result.jpg used on input line 2
32.
(pdftex.def)             Requested size: 216.81pt x 216.80798pt.

<inc/results/custom-crossover-result.jpg, id=54, 481.8pt x 481.8pt>
File: inc/results/custom-crossover-result.jpg Graphic file (type jpg)

<use inc/results/custom-crossover-result.jpg>
Package pdftex.def Info: inc/results/custom-crossover-result.jpg used on input 
line 232.
(pdftex.def)             Requested size: 216.81pt x 216.80798pt.

Overfull \hbox (43.49532pt too wide) in paragraph at lines 232--233
 [][] 
 []

[8 <./inc/results/custom-crossover.jpg> <./inc/results/custom-crossover-result.
jpg>] [9] <inc/default/bays29.jpg, id=61, 481.8pt x 481.8pt>
File: inc/default/bays29.jpg Graphic file (type jpg)

<use inc/default/bays29.jpg>
Package pdftex.def Info: inc/default/bays29.jpg used on input line 249.
(pdftex.def)             Requested size: 216.81pt x 216.80798pt.
 [10

 <./inc/default/bays29.jpg>]
<inc/results/learning-curve/bays29.tsp-pop-50-iter-100-cross-0.25.jpg, id=66, 4
81.8pt x 481.8pt>
File: inc/results/learning-curve/bays29.tsp-pop-50-iter-100-cross-0.25.jpg Grap
hic file (type jpg)

<use inc/results/learning-curve/bays29.tsp-pop-50-iter-100-cross-0.25.jpg>
Package pdftex.def Info: inc/results/learning-curve/bays29.tsp-pop-50-iter-100-
cross-0.25.jpg used on input line 269.
(pdftex.def)             Requested size: 216.81pt x 216.80798pt.

<inc/results/learning-curve/bays29.tsp-pop-50-iter-100-cross-0.5.jpg, id=67, 48
1.8pt x 481.8pt>
File: inc/results/learning-curve/bays29.tsp-pop-50-iter-100-cross-0.5.jpg Graph
ic file (type jpg)

<use inc/results/learning-curve/bays29.tsp-pop-50-iter-100-cross-0.5.jpg>
Package pdftex.def Info: inc/results/learning-curve/bays29.tsp-pop-50-iter-100-
cross-0.5.jpg used on input line 269.
(pdftex.def)             Requested size: 216.81pt x 216.80798pt.

<inc/results/learning-curve/bays29.tsp-pop-50-iter-100-cross-0.75.jpg, id=68, 4
81.8pt x 481.8pt>
File: inc/results/learning-curve/bays29.tsp-pop-50-iter-100-cross-0.75.jpg Grap
hic file (type jpg)

<use inc/results/learning-curve/bays29.tsp-pop-50-iter-100-cross-0.75.jpg>
Package pdftex.def Info: inc/results/learning-curve/bays29.tsp-pop-50-iter-100-
cross-0.75.jpg used on input line 277.
(pdftex.def)             Requested size: 216.81pt x 216.80798pt.

<inc/results/learning-curve/bays29.tsp-pop-50-iter-100-cross-1.jpg, id=69, 481.
8pt x 481.8pt>
File: inc/results/learning-curve/bays29.tsp-pop-50-iter-100-cross-1.jpg Graphic
 file (type jpg)

<use inc/results/learning-curve/bays29.tsp-pop-50-iter-100-cross-1.jpg>
Package pdftex.def Info: inc/results/learning-curve/bays29.tsp-pop-50-iter-100-
cross-1.jpg used on input line 277.
(pdftex.def)             Requested size: 216.81pt x 216.80798pt.

Overfull \hbox (43.49532pt too wide) in paragraph at lines 269--278
 [][] 
 []


Overfull \hbox (43.49532pt too wide) in paragraph at lines 269--278
 [] 
 []

[11 <./inc/results/learning-curve/bays29.tsp-pop-50-iter-100-cross-0.25.jpg> <.
/inc/results/learning-curve/bays29.tsp-pop-50-iter-100-cross-0.5.jpg> <./inc/re
sults/learning-curve/bays29.tsp-pop-50-iter-100-cross-0.75.jpg> <./inc/results/
learning-curve/bays29.tsp-pop-50-iter-100-cross-1.jpg>]
<inc/results/learning-curve/bays29.tsp_pop-50_iter-50_cross-0.8.jpg, id=73, 481
.8pt x 481.8pt>
File: inc/results/learning-curve/bays29.tsp_pop-50_iter-50_cross-0.8.jpg Graphi
c file (type jpg)

<use inc/results/learning-curve/bays29.tsp_pop-50_iter-50_cross-0.8.jpg>
Package pdftex.def Info: inc/results/learning-curve/bays29.tsp_pop-50_iter-50_c
ross-0.8.jpg used on input line 295.
(pdftex.def)             Requested size: 216.81pt x 216.80798pt.

<inc/results/learning-curve/bays29.tsp-pop-50-iter-100-cross-0.8.jpg, id=74, 48
1.8pt x 481.8pt>
File: inc/results/learning-curve/bays29.tsp-pop-50-iter-100-cross-0.8.jpg Graph
ic file (type jpg)

<use inc/results/learning-curve/bays29.tsp-pop-50-iter-100-cross-0.8.jpg>
Package pdftex.def Info: inc/results/learning-curve/bays29.tsp-pop-50-iter-100-
cross-0.8.jpg used on input line 295.
(pdftex.def)             Requested size: 216.81pt x 216.80798pt.

<inc/results/learning-curve/bays29.tsp-pop-50-iter-150-cross-0.8.jpg, id=75, 48
1.8pt x 481.8pt>
File: inc/results/learning-curve/bays29.tsp-pop-50-iter-150-cross-0.8.jpg Graph
ic file (type jpg)

<use inc/results/learning-curve/bays29.tsp-pop-50-iter-150-cross-0.8.jpg>
Package pdftex.def Info: inc/results/learning-curve/bays29.tsp-pop-50-iter-150-
cross-0.8.jpg used on input line 303.
(pdftex.def)             Requested size: 216.81pt x 216.80798pt.

<inc/results/learning-curve/bays29.tsp-pop-50-iter-200-cross-0.8.jpg, id=76, 48
1.8pt x 481.8pt>
File: inc/results/learning-curve/bays29.tsp-pop-50-iter-200-cross-0.8.jpg Graph
ic file (type jpg)

<use inc/results/learning-curve/bays29.tsp-pop-50-iter-200-cross-0.8.jpg>
Package pdftex.def Info: inc/results/learning-curve/bays29.tsp-pop-50-iter-200-
cross-0.8.jpg used on input line 303.
(pdftex.def)             Requested size: 216.81pt x 216.80798pt.

Overfull \hbox (43.49532pt too wide) in paragraph at lines 295--304
 [][] 
 []


Overfull \hbox (43.49532pt too wide) in paragraph at lines 295--304
 [] 
 []

[12

 <./inc/results/learning-curve/bays29.tsp_pop-50_iter-50_cross-0.8.jpg> <./inc/
results/learning-curve/bays29.tsp-pop-50-iter-100-cross-0.8.jpg> <./inc/results
/learning-curve/bays29.tsp-pop-50-iter-150-cross-0.8.jpg> <./inc/results/learni
ng-curve/bays29.tsp-pop-50-iter-200-cross-0.8.jpg>]
File: inc/results/learning-curve/bays29.tsp-pop-50-iter-100-cross-0.8.jpg Graph
ic file (type jpg)

<use inc/results/learning-curve/bays29.tsp-pop-50-iter-100-cross-0.8.jpg>
Package pdftex.def Info: inc/results/learning-curve/bays29.tsp-pop-50-iter-100-
cross-0.8.jpg used on input line 320.
(pdftex.def)             Requested size: 216.81pt x 216.80798pt.

<inc/results/learning-curve/bays29.tsp-pop-100-iter-100-cross-0.8.jpg, id=81, 4
81.8pt x 481.8pt>
File: inc/results/learning-curve/bays29.tsp-pop-100-iter-100-cross-0.8.jpg Grap
hic file (type jpg)

<use inc/results/learning-curve/bays29.tsp-pop-100-iter-100-cross-0.8.jpg>
Package pdftex.def Info: inc/results/learning-curve/bays29.tsp-pop-100-iter-100
-cross-0.8.jpg used on input line 320.
(pdftex.def)             Requested size: 216.81pt x 216.80798pt.

<inc/results/learning-curve/bays29.tsp-pop-150-iter-100-cross-0.8.jpg, id=82, 4
81.8pt x 481.8pt>
File: inc/results/learning-curve/bays29.tsp-pop-150-iter-100-cross-0.8.jpg Grap
hic file (type jpg)

<use inc/results/learning-curve/bays29.tsp-pop-150-iter-100-cross-0.8.jpg>
Package pdftex.def Info: inc/results/learning-curve/bays29.tsp-pop-150-iter-100
-cross-0.8.jpg used on input line 328.
(pdftex.def)             Requested size: 216.81pt x 216.80798pt.

<inc/results/learning-curve/bays29.tsp-pop-200-iter-100-cross-0.8.jpg, id=83, 4
81.8pt x 481.8pt>
File: inc/results/learning-curve/bays29.tsp-pop-200-iter-100-cross-0.8.jpg Grap
hic file (type jpg)

<use inc/results/learning-curve/bays29.tsp-pop-200-iter-100-cross-0.8.jpg>
Package pdftex.def Info: inc/results/learning-curve/bays29.tsp-pop-200-iter-100
-cross-0.8.jpg used on input line 328.
(pdftex.def)             Requested size: 216.81pt x 216.80798pt.

Overfull \hbox (43.49532pt too wide) in paragraph at lines 320--329
 [][] 
 []


Overfull \hbox (43.49532pt too wide) in paragraph at lines 320--329
 [] 
 []

[13

 <./inc/results/learning-curve/bays29.tsp-pop-100-iter-100-cross-0.8.jpg> <./in
c/results/learning-curve/bays29.tsp-pop-150-iter-100-cross-0.8.jpg> <./inc/resu
lts/learning-curve/bays29.tsp-pop-200-iter-100-cross-0.8.jpg>]
<inc/results/tsp/bays29_mutation_crossover_temperature.png, id=87, 881.2925pt x
 533.995pt>
File: inc/results/tsp/bays29_mutation_crossover_temperature.png Graphic file (t
ype png)
 <use inc/results/tsp/bays29_mutation_crossover_temperature.png>
Package pdftex.def Info: inc/results/tsp/bays29_mutation_crossover_temperature.
png used on input line 346.
(pdftex.def)             Requested size: 216.81pt x 131.36362pt.

<inc/results/tsp/bays29_population_iteration_temperature.png, id=88, 881.2925pt
 x 533.995pt>
File: inc/results/tsp/bays29_population_iteration_temperature.png Graphic file 
(type png)

<use inc/results/tsp/bays29_population_iteration_temperature.png>
Package pdftex.def Info: inc/results/tsp/bays29_population_iteration_temperatur
e.png used on input line 346.
(pdftex.def)             Requested size: 216.81pt x 131.36362pt.

Overfull \hbox (43.49532pt too wide) in paragraph at lines 346--347
 [][] 
 []

<inc/default/gr17.jpg, id=89, 481.8pt x 481.8pt>
File: inc/default/gr17.jpg Graphic file (type jpg)
 <use inc/default/gr17.jpg>
Package pdftex.def Info: inc/default/gr17.jpg used on input line 357.
(pdftex.def)             Requested size: 216.81pt x 216.80798pt.

[14

 <./inc/results/tsp/bays29_mutation_crossover_temperature.png> <./inc/results/t
sp/bays29_population_iteration_temperature.png> <./inc/default/gr17.jpg>]
<inc/results/learning-curve/gr17.tsp-pop-50-iter-100-cross-0.25.jpg, id=95, 481
.8pt x 481.8pt>
File: inc/results/learning-curve/gr17.tsp-pop-50-iter-100-cross-0.25.jpg Graphi
c file (type jpg)

<use inc/results/learning-curve/gr17.tsp-pop-50-iter-100-cross-0.25.jpg>
Package pdftex.def Info: inc/results/learning-curve/gr17.tsp-pop-50-iter-100-cr
oss-0.25.jpg used on input line 375.
(pdftex.def)             Requested size: 216.81pt x 216.80798pt.

<inc/results/learning-curve/gr17.tsp-pop-50-iter-100-cross-0.5.jpg, id=96, 481.
8pt x 481.8pt>
File: inc/results/learning-curve/gr17.tsp-pop-50-iter-100-cross-0.5.jpg Graphic
 file (type jpg)

<use inc/results/learning-curve/gr17.tsp-pop-50-iter-100-cross-0.5.jpg>
Package pdftex.def Info: inc/results/learning-curve/gr17.tsp-pop-50-iter-100-cr
oss-0.5.jpg used on input line 375.
(pdftex.def)             Requested size: 216.81pt x 216.80798pt.

<inc/results/learning-curve/gr17.tsp-pop-50-iter-100-cross-0.75.jpg, id=97, 481
.8pt x 481.8pt>
File: inc/results/learning-curve/gr17.tsp-pop-50-iter-100-cross-0.75.jpg Graphi
c file (type jpg)

<use inc/results/learning-curve/gr17.tsp-pop-50-iter-100-cross-0.75.jpg>
Package pdftex.def Info: inc/results/learning-curve/gr17.tsp-pop-50-iter-100-cr
oss-0.75.jpg used on input line 383.
(pdftex.def)             Requested size: 216.81pt x 216.80798pt.

<inc/results/learning-curve/gr17.tsp-pop-50-iter-100-cross-1.jpg, id=98, 481.8p
t x 481.8pt>
File: inc/results/learning-curve/gr17.tsp-pop-50-iter-100-cross-1.jpg Graphic f
ile (type jpg)

<use inc/results/learning-curve/gr17.tsp-pop-50-iter-100-cross-1.jpg>
Package pdftex.def Info: inc/results/learning-curve/gr17.tsp-pop-50-iter-100-cr
oss-1.jpg used on input line 383.
(pdftex.def)             Requested size: 216.81pt x 216.80798pt.

Overfull \hbox (43.49532pt too wide) in paragraph at lines 375--384
 [][] 
 []


Overfull \hbox (43.49532pt too wide) in paragraph at lines 375--384
 [] 
 []

[15 <./inc/results/learning-curve/gr17.tsp-pop-50-iter-100-cross-0.25.jpg> <./i
nc/results/learning-curve/gr17.tsp-pop-50-iter-100-cross-0.5.jpg> <./inc/result
s/learning-curve/gr17.tsp-pop-50-iter-100-cross-0.75.jpg> <./inc/results/learni
ng-curve/gr17.tsp-pop-50-iter-100-cross-1.jpg>]
<inc/results/learning-curve/gr17.tsp-pop-50-iter-50-cross-0.8.jpg, id=102, 481.
8pt x 481.8pt>
File: inc/results/learning-curve/gr17.tsp-pop-50-iter-50-cross-0.8.jpg Graphic 
file (type jpg)

<use inc/results/learning-curve/gr17.tsp-pop-50-iter-50-cross-0.8.jpg>
Package pdftex.def Info: inc/results/learning-curve/gr17.tsp-pop-50-iter-50-cro
ss-0.8.jpg used on input line 402.
(pdftex.def)             Requested size: 216.81pt x 216.80798pt.

<inc/results/learning-curve/gr17.tsp-pop-50-iter-100-cross-0.8.jpg, id=103, 481
.8pt x 481.8pt>
File: inc/results/learning-curve/gr17.tsp-pop-50-iter-100-cross-0.8.jpg Graphic
 file (type jpg)

<use inc/results/learning-curve/gr17.tsp-pop-50-iter-100-cross-0.8.jpg>
Package pdftex.def Info: inc/results/learning-curve/gr17.tsp-pop-50-iter-100-cr
oss-0.8.jpg used on input line 402.
(pdftex.def)             Requested size: 216.81pt x 216.80798pt.

<inc/results/learning-curve/gr17.tsp-pop-50-iter-150-cross-0.8.jpg, id=104, 481
.8pt x 481.8pt>
File: inc/results/learning-curve/gr17.tsp-pop-50-iter-150-cross-0.8.jpg Graphic
 file (type jpg)

<use inc/results/learning-curve/gr17.tsp-pop-50-iter-150-cross-0.8.jpg>
Package pdftex.def Info: inc/results/learning-curve/gr17.tsp-pop-50-iter-150-cr
oss-0.8.jpg used on input line 410.
(pdftex.def)             Requested size: 216.81pt x 216.80798pt.

<inc/results/learning-curve/gr17.tsp-pop-50-iter-200-cross-0.8.jpg, id=105, 481
.8pt x 481.8pt>
File: inc/results/learning-curve/gr17.tsp-pop-50-iter-200-cross-0.8.jpg Graphic
 file (type jpg)

<use inc/results/learning-curve/gr17.tsp-pop-50-iter-200-cross-0.8.jpg>
Package pdftex.def Info: inc/results/learning-curve/gr17.tsp-pop-50-iter-200-cr
oss-0.8.jpg used on input line 410.
(pdftex.def)             Requested size: 216.81pt x 216.80798pt.

Overfull \hbox (43.49532pt too wide) in paragraph at lines 402--411
 [][] 
 []


Overfull \hbox (43.49532pt too wide) in paragraph at lines 402--411
 [] 
 []

[16

 <./inc/results/learning-curve/gr17.tsp-pop-50-iter-50-cross-0.8.jpg> <./inc/re
sults/learning-curve/gr17.tsp-pop-50-iter-100-cross-0.8.jpg> <./inc/results/lea
rning-curve/gr17.tsp-pop-50-iter-150-cross-0.8.jpg> <./inc/results/learning-cur
ve/gr17.tsp-pop-50-iter-200-cross-0.8.jpg>]
File: inc/results/learning-curve/gr17.tsp-pop-50-iter-100-cross-0.8.jpg Graphic
 file (type jpg)

<use inc/results/learning-curve/gr17.tsp-pop-50-iter-100-cross-0.8.jpg>
Package pdftex.def Info: inc/results/learning-curve/gr17.tsp-pop-50-iter-100-cr
oss-0.8.jpg used on input line 428.
(pdftex.def)             Requested size: 216.81pt x 216.80798pt.

<inc/results/learning-curve/gr17.tsp-pop-100-iter-100-cross-0.8.jpg, id=109, 48
1.8pt x 481.8pt>
File: inc/results/learning-curve/gr17.tsp-pop-100-iter-100-cross-0.8.jpg Graphi
c file (type jpg)

<use inc/results/learning-curve/gr17.tsp-pop-100-iter-100-cross-0.8.jpg>
Package pdftex.def Info: inc/results/learning-curve/gr17.tsp-pop-100-iter-100-c
ross-0.8.jpg used on input line 428.
(pdftex.def)             Requested size: 216.81pt x 216.80798pt.

<inc/results/learning-curve/gr17.tsp-pop-150-iter-100-cross-0.8.jpg, id=110, 48
1.8pt x 481.8pt>
File: inc/results/learning-curve/gr17.tsp-pop-150-iter-100-cross-0.8.jpg Graphi
c file (type jpg)

<use inc/results/learning-curve/gr17.tsp-pop-150-iter-100-cross-0.8.jpg>
Package pdftex.def Info: inc/results/learning-curve/gr17.tsp-pop-150-iter-100-c
ross-0.8.jpg used on input line 436.
(pdftex.def)             Requested size: 216.81pt x 216.80798pt.

<inc/results/learning-curve/gr17.tsp-pop-200-iter-100-cross-0.8.jpg, id=111, 48
1.8pt x 481.8pt>
File: inc/results/learning-curve/gr17.tsp-pop-200-iter-100-cross-0.8.jpg Graphi
c file (type jpg)

<use inc/results/learning-curve/gr17.tsp-pop-200-iter-100-cross-0.8.jpg>
Package pdftex.def Info: inc/results/learning-curve/gr17.tsp-pop-200-iter-100-c
ross-0.8.jpg used on input line 436.
(pdftex.def)             Requested size: 216.81pt x 216.80798pt.

Overfull \hbox (43.49532pt too wide) in paragraph at lines 428--437
 [][] 
 []


Overfull \hbox (43.49532pt too wide) in paragraph at lines 428--437
 [] 
 []

[17

 <./inc/results/learning-curve/gr17.tsp-pop-100-iter-100-cross-0.8.jpg> <./inc/
results/learning-curve/gr17.tsp-pop-150-iter-100-cross-0.8.jpg> <./inc/results/
learning-curve/gr17.tsp-pop-200-iter-100-cross-0.8.jpg>]
<inc/results/tsp/gr17_mutation_crossover_temperature.png, id=115, 881.2925pt x 
533.995pt>
File: inc/results/tsp/gr17_mutation_crossover_temperature.png Graphic file (typ
e png)
 <use inc/results/tsp/gr17_mutation_crossover_temperature.png>
Package pdftex.def Info: inc/results/tsp/gr17_mutation_crossover_temperature.pn
g used on input line 450.
(pdftex.def)             Requested size: 216.81pt x 131.36362pt.

<inc/results/tsp/gr17_population_iteration_temperature.png, id=116, 881.2925pt 
x 533.995pt>
File: inc/results/tsp/gr17_population_iteration_temperature.png Graphic file (t
ype png)
 <use inc/results/tsp/gr17_population_iteration_temperature.png>
Package pdftex.def Info: inc/results/tsp/gr17_population_iteration_temperature.
png used on input line 460.
(pdftex.def)             Requested size: 216.81pt x 131.36362pt.

[18

 <./inc/results/tsp/gr17_mutation_crossover_temperature.png> <./inc/results/tsp
/gr17_population_iteration_temperature.png>]
<inc/default/gr120.jpg, id=123, 481.8pt x 481.8pt>
File: inc/default/gr120.jpg Graphic file (type jpg)
 <use inc/default/gr120.jpg>
Package pdftex.def Info: inc/default/gr120.jpg used on input line 470.
(pdftex.def)             Requested size: 216.81pt x 216.80798pt.

[19

 <./inc/default/gr120.jpg>]
<inc/results/learning-curve/gr120.tsp-pop-50-iter-100-cross-0.25.jpg, id=127, 4
81.8pt x 481.8pt>
File: inc/results/learning-curve/gr120.tsp-pop-50-iter-100-cross-0.25.jpg Graph
ic file (type jpg)

<use inc/results/learning-curve/gr120.tsp-pop-50-iter-100-cross-0.25.jpg>
Package pdftex.def Info: inc/results/learning-curve/gr120.tsp-pop-50-iter-100-c
ross-0.25.jpg used on input line 488.
(pdftex.def)             Requested size: 216.81pt x 216.80798pt.

<inc/results/learning-curve/gr120.tsp-pop-50-iter-100-cross-0.5.jpg, id=128, 48
1.8pt x 481.8pt>
File: inc/results/learning-curve/gr120.tsp-pop-50-iter-100-cross-0.5.jpg Graphi
c file (type jpg)

<use inc/results/learning-curve/gr120.tsp-pop-50-iter-100-cross-0.5.jpg>
Package pdftex.def Info: inc/results/learning-curve/gr120.tsp-pop-50-iter-100-c
ross-0.5.jpg used on input line 488.
(pdftex.def)             Requested size: 216.81pt x 216.80798pt.

<inc/results/learning-curve/gr120.tsp-pop-50-iter-100-cross-0.75.jpg, id=129, 4
81.8pt x 481.8pt>
File: inc/results/learning-curve/gr120.tsp-pop-50-iter-100-cross-0.75.jpg Graph
ic file (type jpg)

<use inc/results/learning-curve/gr120.tsp-pop-50-iter-100-cross-0.75.jpg>
Package pdftex.def Info: inc/results/learning-curve/gr120.tsp-pop-50-iter-100-c
ross-0.75.jpg used on input line 496.
(pdftex.def)             Requested size: 216.81pt x 216.80798pt.

<inc/results/learning-curve/gr120.tsp-pop-50-iter-100-cross-1.jpg, id=130, 481.
8pt x 481.8pt>
File: inc/results/learning-curve/gr120.tsp-pop-50-iter-100-cross-1.jpg Graphic 
file (type jpg)

<use inc/results/learning-curve/gr120.tsp-pop-50-iter-100-cross-1.jpg>
Package pdftex.def Info: inc/results/learning-curve/gr120.tsp-pop-50-iter-100-c
ross-1.jpg used on input line 496.
(pdftex.def)             Requested size: 216.81pt x 216.80798pt.

Overfull \hbox (43.49532pt too wide) in paragraph at lines 488--497
 [][] 
 []


Overfull \hbox (43.49532pt too wide) in paragraph at lines 488--497
 [] 
 []

[20 <./inc/results/learning-curve/gr120.tsp-pop-50-iter-100-cross-0.25.jpg> <./
inc/results/learning-curve/gr120.tsp-pop-50-iter-100-cross-0.5.jpg> <./inc/resu
lts/learning-curve/gr120.tsp-pop-50-iter-100-cross-0.75.jpg> <./inc/results/lea
rning-curve/gr120.tsp-pop-50-iter-100-cross-1.jpg>]
<inc/results/learning-curve/gr120.tsp-pop-50-iter-50-cross-0.8.jpg, id=134, 481
.8pt x 481.8pt>
File: inc/results/learning-curve/gr120.tsp-pop-50-iter-50-cross-0.8.jpg Graphic
 file (type jpg)

<use inc/results/learning-curve/gr120.tsp-pop-50-iter-50-cross-0.8.jpg>
Package pdftex.def Info: inc/results/learning-curve/gr120.tsp-pop-50-iter-50-cr
oss-0.8.jpg used on input line 516.
(pdftex.def)             Requested size: 216.81pt x 216.80798pt.

<inc/results/learning-curve/gr120.tsp-pop-50-iter-100-cross-0.8.jpg, id=135, 48
1.8pt x 481.8pt>
File: inc/results/learning-curve/gr120.tsp-pop-50-iter-100-cross-0.8.jpg Graphi
c file (type jpg)

<use inc/results/learning-curve/gr120.tsp-pop-50-iter-100-cross-0.8.jpg>
Package pdftex.def Info: inc/results/learning-curve/gr120.tsp-pop-50-iter-100-c
ross-0.8.jpg used on input line 516.
(pdftex.def)             Requested size: 216.81pt x 216.80798pt.

<inc/results/learning-curve/gr120.tsp-pop-50-iter-150-cross-0.8.jpg, id=136, 48
1.8pt x 481.8pt>
File: inc/results/learning-curve/gr120.tsp-pop-50-iter-150-cross-0.8.jpg Graphi
c file (type jpg)

<use inc/results/learning-curve/gr120.tsp-pop-50-iter-150-cross-0.8.jpg>
Package pdftex.def Info: inc/results/learning-curve/gr120.tsp-pop-50-iter-150-c
ross-0.8.jpg used on input line 524.
(pdftex.def)             Requested size: 216.81pt x 216.80798pt.

<inc/results/learning-curve/gr120.tsp-pop-50-iter-200-cross-0.8.jpg, id=137, 48
1.8pt x 481.8pt>
File: inc/results/learning-curve/gr120.tsp-pop-50-iter-200-cross-0.8.jpg Graphi
c file (type jpg)

<use inc/results/learning-curve/gr120.tsp-pop-50-iter-200-cross-0.8.jpg>
Package pdftex.def Info: inc/results/learning-curve/gr120.tsp-pop-50-iter-200-c
ross-0.8.jpg used on input line 524.
(pdftex.def)             Requested size: 216.81pt x 216.80798pt.

Overfull \hbox (43.49532pt too wide) in paragraph at lines 516--525
 [][] 
 []


Overfull \hbox (43.49532pt too wide) in paragraph at lines 516--525
 [] 
 []

[21

 <./inc/results/learning-curve/gr120.tsp-pop-50-iter-50-cross-0.8.jpg> <./inc/r
esults/learning-curve/gr120.tsp-pop-50-iter-100-cross-0.8.jpg> <./inc/results/l
earning-curve/gr120.tsp-pop-50-iter-150-cross-0.8.jpg> <./inc/results/learning-
curve/gr120.tsp-pop-50-iter-200-cross-0.8.jpg>]
File: inc/results/learning-curve/gr120.tsp-pop-50-iter-100-cross-0.8.jpg Graphi
c file (type jpg)

<use inc/results/learning-curve/gr120.tsp-pop-50-iter-100-cross-0.8.jpg>
Package pdftex.def Info: inc/results/learning-curve/gr120.tsp-pop-50-iter-100-c
ross-0.8.jpg used on input line 542.
(pdftex.def)             Requested size: 216.81pt x 216.80798pt.

<inc/results/learning-curve/gr120.tsp-pop-100-iter-100-cross-0.8.jpg, id=141, 4
81.8pt x 481.8pt>
File: inc/results/learning-curve/gr120.tsp-pop-100-iter-100-cross-0.8.jpg Graph
ic file (type jpg)

<use inc/results/learning-curve/gr120.tsp-pop-100-iter-100-cross-0.8.jpg>
Package pdftex.def Info: inc/results/learning-curve/gr120.tsp-pop-100-iter-100-
cross-0.8.jpg used on input line 542.
(pdftex.def)             Requested size: 216.81pt x 216.80798pt.

<inc/results/learning-curve/gr120.tsp-pop-150-iter-100-cross-0.8.jpg, id=142, 4
81.8pt x 481.8pt>
File: inc/results/learning-curve/gr120.tsp-pop-150-iter-100-cross-0.8.jpg Graph
ic file (type jpg)

<use inc/results/learning-curve/gr120.tsp-pop-150-iter-100-cross-0.8.jpg>
Package pdftex.def Info: inc/results/learning-curve/gr120.tsp-pop-150-iter-100-
cross-0.8.jpg used on input line 550.
(pdftex.def)             Requested size: 216.81pt x 216.80798pt.

<inc/results/learning-curve/gr120.tsp-pop-200-iter-100-cross-0.8.jpg, id=143, 4
81.8pt x 481.8pt>
File: inc/results/learning-curve/gr120.tsp-pop-200-iter-100-cross-0.8.jpg Graph
ic file (type jpg)

<use inc/results/learning-curve/gr120.tsp-pop-200-iter-100-cross-0.8.jpg>
Package pdftex.def Info: inc/results/learning-curve/gr120.tsp-pop-200-iter-100-
cross-0.8.jpg used on input line 550.
(pdftex.def)             Requested size: 216.81pt x 216.80798pt.

Overfull \hbox (43.49532pt too wide) in paragraph at lines 542--551
 [][] 
 []


Overfull \hbox (43.49532pt too wide) in paragraph at lines 542--551
 [] 
 []

[22

 <./inc/results/learning-curve/gr120.tsp-pop-100-iter-100-cross-0.8.jpg> <./inc
/results/learning-curve/gr120.tsp-pop-150-iter-100-cross-0.8.jpg> <./inc/result
s/learning-curve/gr120.tsp-pop-200-iter-100-cross-0.8.jpg>]
<inc/results/tsp/gr120_mutation_crossover_temperature.png, id=147, 881.2925pt x
 533.995pt>
File: inc/results/tsp/gr120_mutation_crossover_temperature.png Graphic file (ty
pe png)
 <use inc/results/tsp/gr120_mutation_crossover_temperature.png>
Package pdftex.def Info: inc/results/tsp/gr120_mutation_crossover_temperature.p
ng used on input line 565.
(pdftex.def)             Requested size: 216.81pt x 131.36362pt.

<inc/results/tsp/gr120_population_iteration_temperature.png, id=148, 881.2925pt
 x 533.995pt>
File: inc/results/tsp/gr120_population_iteration_temperature.png Graphic file (
type png)
 <use inc/results/tsp/gr120_population_iteration_temperature.png>
Package pdftex.def Info: inc/results/tsp/gr120_population_iteration_temperature
.png used on input line 575.
(pdftex.def)             Requested size: 216.81pt x 131.36362pt.

[23

 <./inc/results/tsp/gr120_mutation_crossover_temperature.png> <./inc/results/ts
p/gr120_population_iteration_temperature.png>] [24]
<inc/results/zad3/HGA-bays29-tsp-method-L-BFGS-B-poptim-0-05-pressel-0.jpg, id=
158, 481.8pt x 481.8pt>
File: inc/results/zad3/HGA-bays29-tsp-method-L-BFGS-B-poptim-0-05-pressel-0.jpg
 Graphic file (type jpg)

<use inc/results/zad3/HGA-bays29-tsp-method-L-BFGS-B-poptim-0-05-pressel-0.jpg>
Package pdftex.def Info: inc/results/zad3/HGA-bays29-tsp-method-L-BFGS-B-poptim
-0-05-pressel-0.jpg used on input line 611.
(pdftex.def)             Requested size: 216.81pt x 216.80798pt.

<inc/results/zad3/HGA-bays29-tsp-method-L-BFGS-B-poptim-0-05-pressel-0-25.jpg, 
id=159, 481.8pt x 481.8pt>
File: inc/results/zad3/HGA-bays29-tsp-method-L-BFGS-B-poptim-0-05-pressel-0-25.
jpg Graphic file (type jpg)

<use inc/results/zad3/HGA-bays29-tsp-method-L-BFGS-B-poptim-0-05-pressel-0-25.j
pg>
Package pdftex.def Info: inc/results/zad3/HGA-bays29-tsp-method-L-BFGS-B-poptim
-0-05-pressel-0-25.jpg used on input line 611.
(pdftex.def)             Requested size: 216.81pt x 216.80798pt.

<inc/results/zad3/HGA-bays29-tsp-method-L-BFGS-B-poptim-0-05-pressel-0-75.jpg, 
id=160, 481.8pt x 481.8pt>
File: inc/results/zad3/HGA-bays29-tsp-method-L-BFGS-B-poptim-0-05-pressel-0-75.
jpg Graphic file (type jpg)

<use inc/results/zad3/HGA-bays29-tsp-method-L-BFGS-B-poptim-0-05-pressel-0-75.j
pg>
Package pdftex.def Info: inc/results/zad3/HGA-bays29-tsp-method-L-BFGS-B-poptim
-0-05-pressel-0-75.jpg used on input line 619.
(pdftex.def)             Requested size: 216.81pt x 216.80798pt.

<inc/results/zad3/HGA-bays29-tsp-method-L-BFGS-B-poptim-0-05-pressel-1.jpg, id=
161, 481.8pt x 481.8pt>
File: inc/results/zad3/HGA-bays29-tsp-method-L-BFGS-B-poptim-0-05-pressel-1.jpg
 Graphic file (type jpg)

<use inc/results/zad3/HGA-bays29-tsp-method-L-BFGS-B-poptim-0-05-pressel-1.jpg>
Package pdftex.def Info: inc/results/zad3/HGA-bays29-tsp-method-L-BFGS-B-poptim
-0-05-pressel-1.jpg used on input line 619.
(pdftex.def)             Requested size: 216.81pt x 216.80798pt.

Overfull \hbox (43.49532pt too wide) in paragraph at lines 611--620
 [][] 
 []


Overfull \hbox (43.49532pt too wide) in paragraph at lines 611--620
 [] 
 []

[25

 <./inc/results/zad3/HGA-bays29-tsp-method-L-BFGS-B-poptim-0-05-pressel-0.jpg> 
<./inc/results/zad3/HGA-bays29-tsp-method-L-BFGS-B-poptim-0-05-pressel-0-25.jpg
> <./inc/results/zad3/HGA-bays29-tsp-method-L-BFGS-B-poptim-0-05-pressel-0-75.j
pg> <./inc/results/zad3/HGA-bays29-tsp-method-L-BFGS-B-poptim-0-05-pressel-1.jp
g>]
<inc/results/zad3/HGA-bays29-tsp-method-L-BFGS-B-poptim-0-25-pressel-0-5.jpg, i
d=165, 481.8pt x 481.8pt>
File: inc/results/zad3/HGA-bays29-tsp-method-L-BFGS-B-poptim-0-25-pressel-0-5.j
pg Graphic file (type jpg)

<use inc/results/zad3/HGA-bays29-tsp-method-L-BFGS-B-poptim-0-25-pressel-0-5.jp
g>
Package pdftex.def Info: inc/results/zad3/HGA-bays29-tsp-method-L-BFGS-B-poptim
-0-25-pressel-0-5.jpg used on input line 639.
(pdftex.def)             Requested size: 216.81pt x 216.80798pt.

<inc/results/zad3/HGA-bays29-tsp-method-L-BFGS-B-poptim-0-45-pressel-0-5.jpg, i
d=166, 481.8pt x 481.8pt>
File: inc/results/zad3/HGA-bays29-tsp-method-L-BFGS-B-poptim-0-45-pressel-0-5.j
pg Graphic file (type jpg)

<use inc/results/zad3/HGA-bays29-tsp-method-L-BFGS-B-poptim-0-45-pressel-0-5.jp
g>
Package pdftex.def Info: inc/results/zad3/HGA-bays29-tsp-method-L-BFGS-B-poptim
-0-45-pressel-0-5.jpg used on input line 639.
(pdftex.def)             Requested size: 216.81pt x 216.80798pt.

<inc/results/zad3/HGA-bays29-tsp-method-L-BFGS-B-poptim-0-65-pressel-0-5.jpg, i
d=167, 481.8pt x 481.8pt>
File: inc/results/zad3/HGA-bays29-tsp-method-L-BFGS-B-poptim-0-65-pressel-0-5.j
pg Graphic file (type jpg)

<use inc/results/zad3/HGA-bays29-tsp-method-L-BFGS-B-poptim-0-65-pressel-0-5.jp
g>
Package pdftex.def Info: inc/results/zad3/HGA-bays29-tsp-method-L-BFGS-B-poptim
-0-65-pressel-0-5.jpg used on input line 647.
(pdftex.def)             Requested size: 216.81pt x 216.80798pt.

<inc/results/zad3/HGA-bays29-tsp-method-L-BFGS-B-poptim-0-85-pressel-0-5.jpg, i
d=168, 481.8pt x 481.8pt>
File: inc/results/zad3/HGA-bays29-tsp-method-L-BFGS-B-poptim-0-85-pressel-0-5.j
pg Graphic file (type jpg)

<use inc/results/zad3/HGA-bays29-tsp-method-L-BFGS-B-poptim-0-85-pressel-0-5.jp
g>
Package pdftex.def Info: inc/results/zad3/HGA-bays29-tsp-method-L-BFGS-B-poptim
-0-85-pressel-0-5.jpg used on input line 647.
(pdftex.def)             Requested size: 216.81pt x 216.80798pt.

Overfull \hbox (43.49532pt too wide) in paragraph at lines 639--648
 [][] 
 []


Overfull \hbox (43.49532pt too wide) in paragraph at lines 639--648
 [] 
 []

[26

 <./inc/results/zad3/HGA-bays29-tsp-method-L-BFGS-B-poptim-0-25-pressel-0-5.jpg
> <./inc/results/zad3/HGA-bays29-tsp-method-L-BFGS-B-poptim-0-45-pressel-0-5.jp
g> <./inc/results/zad3/HGA-bays29-tsp-method-L-BFGS-B-poptim-0-65-pressel-0-5.j
pg> <./inc/results/zad3/HGA-bays29-tsp-method-L-BFGS-B-poptim-0-85-pressel-0-5.
jpg>]
LaTeX Font Info:    Try loading font information for OT4+cmtt on input line 658
.
 (/usr/local/texlive/2017/texmf-dist/tex/latex/polski/ot4cmtt.fd
File: ot4cmtt.fd 2008/02/24 v1.2.1 Font defs for fonts PL (MW)
)
Overfull \hbox (13.70726pt too wide) in paragraph at lines 664--666
[]\OT4/cmr/m/n/10 Katharine Mul-len, "Pac-ka-ge 'glo-ba-lOpt-Te-sts'", $\OT4/cm
tt/m/n/10 https : / / cran . r-[]project . org / web / packages /
 []

[27] (/usr/local/texlive/2017/texmf-dist/tex/latex/base/latin1.def
File: latin1.def 2015/03/17 v1.2c Input encoding file
)
(./inc/main.r [28] [29] [30] [31])
(/usr/local/texlive/2017/texmf-dist/tex/latex/base/latin1.def
File: latin1.def 2015/03/17 v1.2c Input encoding file
) (./inc/tsp.r
[32]
Overfull \hbox (17.21011pt too wide) in paragraph at lines 49--50
[][][][][][][][][][][][][][][][][][][][][][][][] 
 []

[33]
Overfull \hbox (133.7605pt too wide) in paragraph at lines 89--91
[][][][][][][][][][][][][][][][][][][][][][][][][][][][][][][][][][][][][][][][
][] 
 []


Overfull \hbox (6.11008pt too wide) in paragraph at lines 97--98
[][][][][][][][][][][][][][][][][][][][][][][][][][][][][][] 
 []


Overfull \hbox (6.11008pt too wide) in paragraph at lines 98--99
[][][][][][][][][][][][][][][][][][][][][][][][][][][][][][] 
 []


Overfull \hbox (83.81033pt too wide) in paragraph at lines 135--137
[][][][][][][][][][][][][][][][][][][][][][][][][][][][][][][][][][][][][][][] 

 []

[34]
Overfull \hbox (6.11008pt too wide) in paragraph at lines 142--143
[][][][][][][][][][][][][][][][][][][][][][][][][][][][][][] 
 []


Overfull \hbox (6.11008pt too wide) in paragraph at lines 143--144
[][][][][][][][][][][][][][][][][][][][][][][][][][][][][][] 
 []

[35]) (/usr/local/texlive/2017/texmf-dist/tex/latex/base/latin1.def
File: latin1.def 2015/03/17 v1.2c Input encoding file
)
(./inc/tsp_temp_co_mut.r
Overfull \hbox (6.11008pt too wide) in paragraph at lines 37--38
[][][][][][][][][][][][][][][][][][][][][][][][][][][][][][][][][] 
 []

[36]
Overfull \hbox (22.76013pt too wide) in paragraph at lines 38--39
[][][][][][][][][][][][][][][][][][][][][][][][][][][][][][][][][][][] 
 []

) (/usr/local/texlive/2017/texmf-dist/tex/latex/base/latin1.def
File: latin1.def 2015/03/17 v1.2c Input encoding file
)
(./inc/tsp_temp_size_iter.r [37]
Overfull \hbox (6.11008pt too wide) in paragraph at lines 39--40
[][][][][][][][][][][][][][][][][][][][][][][][][][][][][][][][][] 
 []

) [38] (./sprawozdanie.aux)
Package logreq Info: Writing requests to 'sprawozdanie.run.xml'.
\openout1 = `sprawozdanie.run.xml'.

 ) 
Here is how much of TeX's memory you used:
 12556 strings out of 492995
 210177 string characters out of 6132704
 649987 words of memory out of 5000000
 15836 multiletter control sequences out of 15000+600000
 19353 words of font info for 51 fonts, out of 8000000 for 9000
 1141 hyphenation exceptions out of 8191
 41i,9n,40p,1137b,2304s stack positions out of 5000i,500n,10000p,200000b,80000s
{/usr/local/texlive/2017/texmf-dist/fonts/enc/dvips/pl/plit.enc}{/usr/local/t
exlive/2017/texmf-dist/fonts/enc/dvips/pl/pltt.enc}{/usr/local/texlive/2017/tex
mf-dist/fonts/enc/dvips/pl/plrm.enc}{/usr/local/texlive/2017/texmf-dist/fonts/e
nc/dvips/pl/plms.enc}{/usr/local/texlive/2017/texmf-dist/fonts/enc/dvips/pl/pls
c.enc}</usr/local/texlive/2017/texmf-dist/fonts/type1/public/amsfonts/cmextra/c
mbsy9.pfb></usr/local/texlive/2017/texmf-dist/fonts/type1/public/amsfonts/cm/cm
mi9.pfb></usr/local/texlive/2017/texmf-dist/fonts/type1/public/amsfonts/cmextra
/cmmib9.pfb></usr/local/texlive/2017/texmf-dist/fonts/type1/public/amsfonts/cm/
cmsy9.pfb></usr/local/texlive/2017/texmf-dist/fonts/type1/public/pl/plbx10.pfb>
</usr/local/texlive/2017/texmf-dist/fonts/type1/public/pl/plbx12.pfb></usr/loca
l/texlive/2017/texmf-dist/fonts/type1/public/pl/plbx9.pfb></usr/local/texlive/2
017/texmf-dist/fonts/type1/public/pl/plbxti10.pfb></usr/local/texlive/2017/texm
f-dist/fonts/type1/public/pl/plcsc10.pfb></usr/local/texlive/2017/texmf-dist/fo
nts/type1/public/pl/plr10.pfb></usr/local/texlive/2017/texmf-dist/fonts/type1/p
ublic/pl/plr12.pfb></usr/local/texlive/2017/texmf-dist/fonts/type1/public/pl/pl
r9.pfb></usr/local/texlive/2017/texmf-dist/fonts/type1/public/pl/plsy9.pfb></us
r/local/texlive/2017/texmf-dist/fonts/type1/public/pl/plti10.pfb></usr/local/te
xlive/2017/texmf-dist/fonts/type1/public/pl/plti12.pfb></usr/local/texlive/2017
/texmf-dist/fonts/type1/public/pl/plti9.pfb></usr/local/texlive/2017/texmf-dist
/fonts/type1/public/pl/pltt10.pfb>
Output written on sprawozdanie.pdf (39 pages, 2898714 bytes).
PDF statistics:
 274 PDF objects out of 1000 (max. 8388607)
 146 compressed objects within 2 object streams
 0 named destinations out of 1000 (max. 500000)
 301 words of extra memory for PDF output out of 10000 (max. 10000000)

